
**** Clean-only build of configuration Debug for project tirtos_builds_MSP_EXP432E401Y_release_ccs ****

"C:\\ti\\ccs1271\\ccs\\utils\\bin\\gmake" -k -j 20 clean -O 
 
DEL /F  "tirtos_builds_MSP_EXP432E401Y_release_ccs.lib"  "configPkg\linker.cmd" "configPkg\compiler.opt" 
RMDIR /S/Q  "configPkg" 
Could Not Find C:\Users\OtherUser\Desktop\HW11\tirtos_builds_MSP_EXP432E401Y_release_ccs\Debug\tirtos_builds_MSP_EXP432E401Y_release_ccs.lib
Finished clean
 

**** Build Finished ****

**** Build of configuration Debug for project tirtos_builds_MSP_EXP432E401Y_release_ccs ****

"C:\\ti\\ccs1271\\ccs\\utils\\bin\\gmake" -k -j 20 all -O 
 
Building file: "../release.cfg"
Invoking: XDCtools
"C:/ti/ccs1271/xdctools_3_62_01_16_core/xs" --xdcpath="C:/ti/simplelink_msp432e4_sdk_4_20_00_12/source;C:/ti/simplelink_msp432e4_sdk_4_20_00_12/kernel/tirtos/packages;" xdc.tools.configuro -o configPkg -t ti.targets.arm.elf.M4F -p ti.platforms.msp432:MSP432E401Y -r release -c "C:/ti/ccs1271/ccs/tools/compiler/ti-cgt-arm_20.2.7.LTS" "../release.cfg"
making package.mak (because of package.bld) ...
generating interfaces for package configPkg (because package/package.xdc.inc is older than package.xdc) ...
configuring release.xem4f from package/cfg/release_pem4f.cfg ...
generating custom ti.sysbios library makefile ... 
Starting build of library sources ...
making C:/Users/OtherUser/Desktop/HW11/tirtos_builds_MSP_EXP432E401Y_release_ccs/src/sysbios/sysbios.aem4f ...
Build of libraries done.
clem4f package/cfg/release_pem4f.c ...
Finished building: "../release.cfg"
 
        1 file(s) copied.
making ../src/sysbios/sysbios.aem4f ...
gmake[1]: Nothing to be done for 'all'.
gmake[1]: Nothing to be done for 'configPkg/linker.cmd'.
making ../src/sysbios/sysbios.aem4f ...
gmake[2]: Nothing to be done for 'all'.

**** Build Finished ****

**** Clean-only build of configuration Debug for project uartecho_MSP_EXP432E401Y_tirtos_ccs ****

"C:\\ti\\ccs1271\\ccs\\utils\\bin\\gmake" -k -j 20 clean -O 
 
DEL /F  "syscfg\ti_drivers_config.h" "syscfg\ti_utils_build_linker.cmd.exp" "syscfg\syscfg_c.rov.xs"  "syscfg\ti_drivers_config.c"  "uartecho_MSP_EXP432E401Y_tirtos_ccs.out" 
DEL /F "Uart7.obj" "audio.obj" "commands.obj" "conditionals.obj" "discover.obj" "main_tirtos.obj" "parser.obj" "registers.obj" "scripts.obj" "sin.obj" "stream.obj" "tasks.obj" "tickers.obj" "uartecho.obj" "syscfg\ti_drivers_config.obj" 
DEL /F "Uart7.d" "audio.d" "commands.d" "conditionals.d" "discover.d" "main_tirtos.d" "parser.d" "registers.d" "scripts.d" "sin.d" "stream.d" "tasks.d" "tickers.d" "uartecho.d" "syscfg\ti_drivers_config.d" 
RMDIR /S/Q  "syscfg" 
Finished clean
 

**** Build Finished ****

**** Build of configuration Debug for project uartecho_MSP_EXP432E401Y_tirtos_ccs ****

"C:\\ti\\ccs1271\\ccs\\utils\\bin\\gmake" -k -j 20 all -O 
 
Building file: "../uartecho.syscfg"
Invoking: SysConfig
"C:/ti/sysconfig_1.5.0/sysconfig_cli.bat" -o "syscfg" -s "C:/ti/simplelink_msp432e4_sdk_4_20_00_12/.metadata/product.json" "C:/Users/OtherUser/Desktop/HW11/uartecho_MSP_EXP432E401Y_tirtos_ccs/uartecho.syscfg" --compiler ccs
Running script...
Validating...
Generating Code...
    '/ti/drivers' -> '/ti/devices/driverlib'
Writing C:\Users\OtherUser\Desktop\HW11\uartecho_MSP_EXP432E401Y_tirtos_ccs\Debug\syscfg\ti_drivers_config.c...
Writing C:\Users\OtherUser\Desktop\HW11\uartecho_MSP_EXP432E401Y_tirtos_ccs\Debug\syscfg\ti_drivers_config.h...
Writing C:\Users\OtherUser\Desktop\HW11\uartecho_MSP_EXP432E401Y_tirtos_ccs\Debug\syscfg\ti_utils_build_linker.cmd.exp...
Writing C:\Users\OtherUser\Desktop\HW11\uartecho_MSP_EXP432E401Y_tirtos_ccs\Debug\syscfg\syscfg_c.rov.xs...
Finished building: "../uartecho.syscfg"
 
Building file: "../Uart7.c"
Invoking: Arm Compiler
"C:/ti/ccs1271/ccs/tools/compiler/ti-cgt-arm_20.2.7.LTS/bin/armcl" -mv7M4 --code_state=16 --float_support=FPv4SPD16 -me --include_path="C:/Users/OtherUser/Desktop/HW11/uartecho_MSP_EXP432E401Y_tirtos_ccs" --include_path="C:/Users/OtherUser/Desktop/HW11/uartecho_MSP_EXP432E401Y_tirtos_ccs/Debug" --include_path="C:/ti/simplelink_msp432e4_sdk_4_20_00_12/source" --include_path="C:/ti/simplelink_msp432e4_sdk_4_20_00_12/source/third_party/CMSIS/Include" --include_path="C:/ti/simplelink_msp432e4_sdk_4_20_00_12/source/ti/posix/ccs" --include_path="C:/ti/ccs1271/ccs/tools/compiler/ti-cgt-arm_20.2.7.LTS/include" --advice:power=none -g --diag_warning=225 --diag_warning=255 --diag_wrap=off --display_error_number --gen_func_subsections=on --preproc_with_compile --preproc_dependency="Uart7.d_raw" --include_path="C:/Users/OtherUser/Desktop/HW11/uartecho_MSP_EXP432E401Y_tirtos_ccs/Debug/syscfg" --cmd_file="C:/Users/OtherUser/Desktop/HW11/tirtos_builds_MSP_EXP432E401Y_release_ccs/Debug/configPkg/compiler.opt"  "../Uart7.c"
Finished building: "../Uart7.c"
 
Building file: "../audio.c"
Invoking: Arm Compiler
"C:/ti/ccs1271/ccs/tools/compiler/ti-cgt-arm_20.2.7.LTS/bin/armcl" -mv7M4 --code_state=16 --float_support=FPv4SPD16 -me --include_path="C:/Users/OtherUser/Desktop/HW11/uartecho_MSP_EXP432E401Y_tirtos_ccs" --include_path="C:/Users/OtherUser/Desktop/HW11/uartecho_MSP_EXP432E401Y_tirtos_ccs/Debug" --include_path="C:/ti/simplelink_msp432e4_sdk_4_20_00_12/source" --include_path="C:/ti/simplelink_msp432e4_sdk_4_20_00_12/source/third_party/CMSIS/Include" --include_path="C:/ti/simplelink_msp432e4_sdk_4_20_00_12/source/ti/posix/ccs" --include_path="C:/ti/ccs1271/ccs/tools/compiler/ti-cgt-arm_20.2.7.LTS/include" --advice:power=none -g --diag_warning=225 --diag_warning=255 --diag_wrap=off --display_error_number --gen_func_subsections=on --preproc_with_compile --preproc_dependency="audio.d_raw" --include_path="C:/Users/OtherUser/Desktop/HW11/uartecho_MSP_EXP432E401Y_tirtos_ccs/Debug/syscfg" --cmd_file="C:/Users/OtherUser/Desktop/HW11/tirtos_builds_MSP_EXP432E401Y_release_ccs/Debug/configPkg/compiler.opt"  "../audio.c"
Finished building: "../audio.c"
 
Building file: "../conditionals.c"
Invoking: Arm Compiler
"C:/ti/ccs1271/ccs/tools/compiler/ti-cgt-arm_20.2.7.LTS/bin/armcl" -mv7M4 --code_state=16 --float_support=FPv4SPD16 -me --include_path="C:/Users/OtherUser/Desktop/HW11/uartecho_MSP_EXP432E401Y_tirtos_ccs" --include_path="C:/Users/OtherUser/Desktop/HW11/uartecho_MSP_EXP432E401Y_tirtos_ccs/Debug" --include_path="C:/ti/simplelink_msp432e4_sdk_4_20_00_12/source" --include_path="C:/ti/simplelink_msp432e4_sdk_4_20_00_12/source/third_party/CMSIS/Include" --include_path="C:/ti/simplelink_msp432e4_sdk_4_20_00_12/source/ti/posix/ccs" --include_path="C:/ti/ccs1271/ccs/tools/compiler/ti-cgt-arm_20.2.7.LTS/include" --advice:power=none -g --diag_warning=225 --diag_warning=255 --diag_wrap=off --display_error_number --gen_func_subsections=on --preproc_with_compile --preproc_dependency="conditionals.d_raw" --include_path="C:/Users/OtherUser/Desktop/HW11/uartecho_MSP_EXP432E401Y_tirtos_ccs/Debug/syscfg" --cmd_file="C:/Users/OtherUser/Desktop/HW11/tirtos_builds_MSP_EXP432E401Y_release_ccs/Debug/configPkg/compiler.opt"  "../conditionals.c"
Finished building: "../conditionals.c"
 
Building file: "../commands.c"
Invoking: Arm Compiler
"C:/ti/ccs1271/ccs/tools/compiler/ti-cgt-arm_20.2.7.LTS/bin/armcl" -mv7M4 --code_state=16 --float_support=FPv4SPD16 -me --include_path="C:/Users/OtherUser/Desktop/HW11/uartecho_MSP_EXP432E401Y_tirtos_ccs" --include_path="C:/Users/OtherUser/Desktop/HW11/uartecho_MSP_EXP432E401Y_tirtos_ccs/Debug" --include_path="C:/ti/simplelink_msp432e4_sdk_4_20_00_12/source" --include_path="C:/ti/simplelink_msp432e4_sdk_4_20_00_12/source/third_party/CMSIS/Include" --include_path="C:/ti/simplelink_msp432e4_sdk_4_20_00_12/source/ti/posix/ccs" --include_path="C:/ti/ccs1271/ccs/tools/compiler/ti-cgt-arm_20.2.7.LTS/include" --advice:power=none -g --diag_warning=225 --diag_warning=255 --diag_wrap=off --display_error_number --gen_func_subsections=on --preproc_with_compile --preproc_dependency="commands.d_raw" --include_path="C:/Users/OtherUser/Desktop/HW11/uartecho_MSP_EXP432E401Y_tirtos_ccs/Debug/syscfg" --cmd_file="C:/Users/OtherUser/Desktop/HW11/tirtos_builds_MSP_EXP432E401Y_release_ccs/Debug/configPkg/compiler.opt"  "../commands.c"
"../commands.c", line 8: warning #169-D: argument of type "const char *" is incompatible with parameter of type "char *"
"../commands.c", line 15: warning #169-D: argument of type "const char *" is incompatible with parameter of type "char *"
"../commands.c", line 29: warning #169-D: argument of type "const char *" is incompatible with parameter of type "char *"
"../commands.c", line 32: warning #169-D: argument of type "const char *" is incompatible with parameter of type "char *"
"../commands.c", line 35: warning #169-D: argument of type "const char *" is incompatible with parameter of type "char *"
"../commands.c", line 38: warning #169-D: argument of type "const char *" is incompatible with parameter of type "char *"
"../commands.c", line 41: warning #169-D: argument of type "const char *" is incompatible with parameter of type "char *"
"../commands.c", line 44: warning #169-D: argument of type "const char *" is incompatible with parameter of type "char *"
"../commands.c", line 47: warning #169-D: argument of type "const char *" is incompatible with parameter of type "char *"
"../commands.c", line 49: warning #169-D: argument of type "const char *" is incompatible with parameter of type "char *"
"../commands.c", line 53: warning #169-D: argument of type "const char *" is incompatible with parameter of type "char *"
"../commands.c", line 55: warning #169-D: argument of type "const char *" is incompatible with parameter of type "char *"
"../commands.c", line 57: warning #169-D: argument of type "const char *" is incompatible with parameter of type "char *"
"../commands.c", line 59: warning #169-D: argument of type "const char *" is incompatible with parameter of type "char *"
Finished building: "../commands.c"
 
Building file: "../registers.c"
Invoking: Arm Compiler
"C:/ti/ccs1271/ccs/tools/compiler/ti-cgt-arm_20.2.7.LTS/bin/armcl" -mv7M4 --code_state=16 --float_support=FPv4SPD16 -me --include_path="C:/Users/OtherUser/Desktop/HW11/uartecho_MSP_EXP432E401Y_tirtos_ccs" --include_path="C:/Users/OtherUser/Desktop/HW11/uartecho_MSP_EXP432E401Y_tirtos_ccs/Debug" --include_path="C:/ti/simplelink_msp432e4_sdk_4_20_00_12/source" --include_path="C:/ti/simplelink_msp432e4_sdk_4_20_00_12/source/third_party/CMSIS/Include" --include_path="C:/ti/simplelink_msp432e4_sdk_4_20_00_12/source/ti/posix/ccs" --include_path="C:/ti/ccs1271/ccs/tools/compiler/ti-cgt-arm_20.2.7.LTS/include" --advice:power=none -g --diag_warning=225 --diag_warning=255 --diag_wrap=off --display_error_number --gen_func_subsections=on --preproc_with_compile --preproc_dependency="registers.d_raw" --include_path="C:/Users/OtherUser/Desktop/HW11/uartecho_MSP_EXP432E401Y_tirtos_ccs/Debug/syscfg" --cmd_file="C:/Users/OtherUser/Desktop/HW11/tirtos_builds_MSP_EXP432E401Y_release_ccs/Debug/configPkg/compiler.opt"  "../registers.c"
Finished building: "../registers.c"
 
Building file: "../discover.c"
Invoking: Arm Compiler
"C:/ti/ccs1271/ccs/tools/compiler/ti-cgt-arm_20.2.7.LTS/bin/armcl" -mv7M4 --code_state=16 --float_support=FPv4SPD16 -me --include_path="C:/Users/OtherUser/Desktop/HW11/uartecho_MSP_EXP432E401Y_tirtos_ccs" --include_path="C:/Users/OtherUser/Desktop/HW11/uartecho_MSP_EXP432E401Y_tirtos_ccs/Debug" --include_path="C:/ti/simplelink_msp432e4_sdk_4_20_00_12/source" --include_path="C:/ti/simplelink_msp432e4_sdk_4_20_00_12/source/third_party/CMSIS/Include" --include_path="C:/ti/simplelink_msp432e4_sdk_4_20_00_12/source/ti/posix/ccs" --include_path="C:/ti/ccs1271/ccs/tools/compiler/ti-cgt-arm_20.2.7.LTS/include" --advice:power=none -g --diag_warning=225 --diag_warning=255 --diag_wrap=off --display_error_number --gen_func_subsections=on --preproc_with_compile --preproc_dependency="discover.d_raw" --include_path="C:/Users/OtherUser/Desktop/HW11/uartecho_MSP_EXP432E401Y_tirtos_ccs/Debug/syscfg" --cmd_file="C:/Users/OtherUser/Desktop/HW11/tirtos_builds_MSP_EXP432E401Y_release_ccs/Debug/configPkg/compiler.opt"  "../discover.c"
"../discover.c", line 4: warning #179-D: variable "buffer" was declared but never referenced
"../discover.c", line 5: warning #179-D: variable "buffer_size" was declared but never referenced
"../discover.c", line 6: warning #552-D: variable "loc" was set but never used
Finished building: "../discover.c"
 
Building file: "../scripts.c"
Invoking: Arm Compiler
"C:/ti/ccs1271/ccs/tools/compiler/ti-cgt-arm_20.2.7.LTS/bin/armcl" -mv7M4 --code_state=16 --float_support=FPv4SPD16 -me --include_path="C:/Users/OtherUser/Desktop/HW11/uartecho_MSP_EXP432E401Y_tirtos_ccs" --include_path="C:/Users/OtherUser/Desktop/HW11/uartecho_MSP_EXP432E401Y_tirtos_ccs/Debug" --include_path="C:/ti/simplelink_msp432e4_sdk_4_20_00_12/source" --include_path="C:/ti/simplelink_msp432e4_sdk_4_20_00_12/source/third_party/CMSIS/Include" --include_path="C:/ti/simplelink_msp432e4_sdk_4_20_00_12/source/ti/posix/ccs" --include_path="C:/ti/ccs1271/ccs/tools/compiler/ti-cgt-arm_20.2.7.LTS/include" --advice:power=none -g --diag_warning=225 --diag_warning=255 --diag_wrap=off --display_error_number --gen_func_subsections=on --preproc_with_compile --preproc_dependency="scripts.d_raw" --include_path="C:/Users/OtherUser/Desktop/HW11/uartecho_MSP_EXP432E401Y_tirtos_ccs/Debug/syscfg" --cmd_file="C:/Users/OtherUser/Desktop/HW11/tirtos_builds_MSP_EXP432E401Y_release_ccs/Debug/configPkg/compiler.opt"  "../scripts.c"
Finished building: "../scripts.c"
 
Building file: "../sin.c"
Invoking: Arm Compiler
"C:/ti/ccs1271/ccs/tools/compiler/ti-cgt-arm_20.2.7.LTS/bin/armcl" -mv7M4 --code_state=16 --float_support=FPv4SPD16 -me --include_path="C:/Users/OtherUser/Desktop/HW11/uartecho_MSP_EXP432E401Y_tirtos_ccs" --include_path="C:/Users/OtherUser/Desktop/HW11/uartecho_MSP_EXP432E401Y_tirtos_ccs/Debug" --include_path="C:/ti/simplelink_msp432e4_sdk_4_20_00_12/source" --include_path="C:/ti/simplelink_msp432e4_sdk_4_20_00_12/source/third_party/CMSIS/Include" --include_path="C:/ti/simplelink_msp432e4_sdk_4_20_00_12/source/ti/posix/ccs" --include_path="C:/ti/ccs1271/ccs/tools/compiler/ti-cgt-arm_20.2.7.LTS/include" --advice:power=none -g --diag_warning=225 --diag_warning=255 --diag_wrap=off --display_error_number --gen_func_subsections=on --preproc_with_compile --preproc_dependency="sin.d_raw" --include_path="C:/Users/OtherUser/Desktop/HW11/uartecho_MSP_EXP432E401Y_tirtos_ccs/Debug/syscfg" --cmd_file="C:/Users/OtherUser/Desktop/HW11/tirtos_builds_MSP_EXP432E401Y_release_ccs/Debug/configPkg/compiler.opt"  "../sin.c"
Finished building: "../sin.c"
 
Building file: "../main_tirtos.c"
Invoking: Arm Compiler
"C:/ti/ccs1271/ccs/tools/compiler/ti-cgt-arm_20.2.7.LTS/bin/armcl" -mv7M4 --code_state=16 --float_support=FPv4SPD16 -me --include_path="C:/Users/OtherUser/Desktop/HW11/uartecho_MSP_EXP432E401Y_tirtos_ccs" --include_path="C:/Users/OtherUser/Desktop/HW11/uartecho_MSP_EXP432E401Y_tirtos_ccs/Debug" --include_path="C:/ti/simplelink_msp432e4_sdk_4_20_00_12/source" --include_path="C:/ti/simplelink_msp432e4_sdk_4_20_00_12/source/third_party/CMSIS/Include" --include_path="C:/ti/simplelink_msp432e4_sdk_4_20_00_12/source/ti/posix/ccs" --include_path="C:/ti/ccs1271/ccs/tools/compiler/ti-cgt-arm_20.2.7.LTS/include" --advice:power=none -g --diag_warning=225 --diag_warning=255 --diag_wrap=off --display_error_number --gen_func_subsections=on --preproc_with_compile --preproc_dependency="main_tirtos.d_raw" --include_path="C:/Users/OtherUser/Desktop/HW11/uartecho_MSP_EXP432E401Y_tirtos_ccs/Debug/syscfg" --cmd_file="C:/Users/OtherUser/Desktop/HW11/tirtos_builds_MSP_EXP432E401Y_release_ccs/Debug/configPkg/compiler.opt"  "../main_tirtos.c"
Finished building: "../main_tirtos.c"
 
Building file: "../stream.c"
Invoking: Arm Compiler
"C:/ti/ccs1271/ccs/tools/compiler/ti-cgt-arm_20.2.7.LTS/bin/armcl" -mv7M4 --code_state=16 --float_support=FPv4SPD16 -me --include_path="C:/Users/OtherUser/Desktop/HW11/uartecho_MSP_EXP432E401Y_tirtos_ccs" --include_path="C:/Users/OtherUser/Desktop/HW11/uartecho_MSP_EXP432E401Y_tirtos_ccs/Debug" --include_path="C:/ti/simplelink_msp432e4_sdk_4_20_00_12/source" --include_path="C:/ti/simplelink_msp432e4_sdk_4_20_00_12/source/third_party/CMSIS/Include" --include_path="C:/ti/simplelink_msp432e4_sdk_4_20_00_12/source/ti/posix/ccs" --include_path="C:/ti/ccs1271/ccs/tools/compiler/ti-cgt-arm_20.2.7.LTS/include" --advice:power=none -g --diag_warning=225 --diag_warning=255 --diag_wrap=off --display_error_number --gen_func_subsections=on --preproc_with_compile --preproc_dependency="stream.d_raw" --include_path="C:/Users/OtherUser/Desktop/HW11/uartecho_MSP_EXP432E401Y_tirtos_ccs/Debug/syscfg" --cmd_file="C:/Users/OtherUser/Desktop/HW11/tirtos_builds_MSP_EXP432E401Y_release_ccs/Debug/configPkg/compiler.opt"  "../stream.c"
Finished building: "../stream.c"
 
Building file: "../tickers.c"
Invoking: Arm Compiler
"C:/ti/ccs1271/ccs/tools/compiler/ti-cgt-arm_20.2.7.LTS/bin/armcl" -mv7M4 --code_state=16 --float_support=FPv4SPD16 -me --include_path="C:/Users/OtherUser/Desktop/HW11/uartecho_MSP_EXP432E401Y_tirtos_ccs" --include_path="C:/Users/OtherUser/Desktop/HW11/uartecho_MSP_EXP432E401Y_tirtos_ccs/Debug" --include_path="C:/ti/simplelink_msp432e4_sdk_4_20_00_12/source" --include_path="C:/ti/simplelink_msp432e4_sdk_4_20_00_12/source/third_party/CMSIS/Include" --include_path="C:/ti/simplelink_msp432e4_sdk_4_20_00_12/source/ti/posix/ccs" --include_path="C:/ti/ccs1271/ccs/tools/compiler/ti-cgt-arm_20.2.7.LTS/include" --advice:power=none -g --diag_warning=225 --diag_warning=255 --diag_wrap=off --display_error_number --gen_func_subsections=on --preproc_with_compile --preproc_dependency="tickers.d_raw" --include_path="C:/Users/OtherUser/Desktop/HW11/uartecho_MSP_EXP432E401Y_tirtos_ccs/Debug/syscfg" --cmd_file="C:/Users/OtherUser/Desktop/HW11/tirtos_builds_MSP_EXP432E401Y_release_ccs/Debug/configPkg/compiler.opt"  "../tickers.c"
Finished building: "../tickers.c"
 
Building file: "../uartecho.c"
Invoking: Arm Compiler
"C:/ti/ccs1271/ccs/tools/compiler/ti-cgt-arm_20.2.7.LTS/bin/armcl" -mv7M4 --code_state=16 --float_support=FPv4SPD16 -me --include_path="C:/Users/OtherUser/Desktop/HW11/uartecho_MSP_EXP432E401Y_tirtos_ccs" --include_path="C:/Users/OtherUser/Desktop/HW11/uartecho_MSP_EXP432E401Y_tirtos_ccs/Debug" --include_path="C:/ti/simplelink_msp432e4_sdk_4_20_00_12/source" --include_path="C:/ti/simplelink_msp432e4_sdk_4_20_00_12/source/third_party/CMSIS/Include" --include_path="C:/ti/simplelink_msp432e4_sdk_4_20_00_12/source/ti/posix/ccs" --include_path="C:/ti/ccs1271/ccs/tools/compiler/ti-cgt-arm_20.2.7.LTS/include" --advice:power=none -g --diag_warning=225 --diag_warning=255 --diag_wrap=off --display_error_number --gen_func_subsections=on --preproc_with_compile --preproc_dependency="uartecho.d_raw" --include_path="C:/Users/OtherUser/Desktop/HW11/uartecho_MSP_EXP432E401Y_tirtos_ccs/Debug/syscfg" --cmd_file="C:/Users/OtherUser/Desktop/HW11/tirtos_builds_MSP_EXP432E401Y_release_ccs/Debug/configPkg/compiler.opt"  "../uartecho.c"
Finished building: "../uartecho.c"
 
Building file: "../tasks.c"
Invoking: Arm Compiler
"C:/ti/ccs1271/ccs/tools/compiler/ti-cgt-arm_20.2.7.LTS/bin/armcl" -mv7M4 --code_state=16 --float_support=FPv4SPD16 -me --include_path="C:/Users/OtherUser/Desktop/HW11/uartecho_MSP_EXP432E401Y_tirtos_ccs" --include_path="C:/Users/OtherUser/Desktop/HW11/uartecho_MSP_EXP432E401Y_tirtos_ccs/Debug" --include_path="C:/ti/simplelink_msp432e4_sdk_4_20_00_12/source" --include_path="C:/ti/simplelink_msp432e4_sdk_4_20_00_12/source/third_party/CMSIS/Include" --include_path="C:/ti/simplelink_msp432e4_sdk_4_20_00_12/source/ti/posix/ccs" --include_path="C:/ti/ccs1271/ccs/tools/compiler/ti-cgt-arm_20.2.7.LTS/include" --advice:power=none -g --diag_warning=225 --diag_warning=255 --diag_wrap=off --display_error_number --gen_func_subsections=on --preproc_with_compile --preproc_dependency="tasks.d_raw" --include_path="C:/Users/OtherUser/Desktop/HW11/uartecho_MSP_EXP432E401Y_tirtos_ccs/Debug/syscfg" --cmd_file="C:/Users/OtherUser/Desktop/HW11/tirtos_builds_MSP_EXP432E401Y_release_ccs/Debug/configPkg/compiler.opt"  "../tasks.c"
Finished building: "../tasks.c"
 
Building file: "syscfg/ti_drivers_config.c"
Invoking: Arm Compiler
"C:/ti/ccs1271/ccs/tools/compiler/ti-cgt-arm_20.2.7.LTS/bin/armcl" -mv7M4 --code_state=16 --float_support=FPv4SPD16 -me --include_path="C:/Users/OtherUser/Desktop/HW11/uartecho_MSP_EXP432E401Y_tirtos_ccs" --include_path="C:/Users/OtherUser/Desktop/HW11/uartecho_MSP_EXP432E401Y_tirtos_ccs/Debug" --include_path="C:/ti/simplelink_msp432e4_sdk_4_20_00_12/source" --include_path="C:/ti/simplelink_msp432e4_sdk_4_20_00_12/source/third_party/CMSIS/Include" --include_path="C:/ti/simplelink_msp432e4_sdk_4_20_00_12/source/ti/posix/ccs" --include_path="C:/ti/ccs1271/ccs/tools/compiler/ti-cgt-arm_20.2.7.LTS/include" --advice:power=none -g --diag_warning=225 --diag_warning=255 --diag_wrap=off --display_error_number --gen_func_subsections=on --preproc_with_compile --preproc_dependency="syscfg/ti_drivers_config.d_raw" --include_path="C:/Users/OtherUser/Desktop/HW11/uartecho_MSP_EXP432E401Y_tirtos_ccs/Debug/syscfg" --obj_directory="syscfg" --cmd_file="C:/Users/OtherUser/Desktop/HW11/tirtos_builds_MSP_EXP432E401Y_release_ccs/Debug/configPkg/compiler.opt"  "syscfg/ti_drivers_config.c"
Finished building: "syscfg/ti_drivers_config.c"
 
Building file: "../parser.c"
Invoking: Arm Compiler
"C:/ti/ccs1271/ccs/tools/compiler/ti-cgt-arm_20.2.7.LTS/bin/armcl" -mv7M4 --code_state=16 --float_support=FPv4SPD16 -me --include_path="C:/Users/OtherUser/Desktop/HW11/uartecho_MSP_EXP432E401Y_tirtos_ccs" --include_path="C:/Users/OtherUser/Desktop/HW11/uartecho_MSP_EXP432E401Y_tirtos_ccs/Debug" --include_path="C:/ti/simplelink_msp432e4_sdk_4_20_00_12/source" --include_path="C:/ti/simplelink_msp432e4_sdk_4_20_00_12/source/third_party/CMSIS/Include" --include_path="C:/ti/simplelink_msp432e4_sdk_4_20_00_12/source/ti/posix/ccs" --include_path="C:/ti/ccs1271/ccs/tools/compiler/ti-cgt-arm_20.2.7.LTS/include" --advice:power=none -g --diag_warning=225 --diag_warning=255 --diag_wrap=off --display_error_number --gen_func_subsections=on --preproc_with_compile --preproc_dependency="parser.d_raw" --include_path="C:/Users/OtherUser/Desktop/HW11/uartecho_MSP_EXP432E401Y_tirtos_ccs/Debug/syscfg" --cmd_file="C:/Users/OtherUser/Desktop/HW11/tirtos_builds_MSP_EXP432E401Y_release_ccs/Debug/configPkg/compiler.opt"  "../parser.c"
"../parser.c", line 268: warning #179-D: variable "buffer_size" was declared but never referenced
"../parser.c", line 472: warning #188-D: pointless comparison of unsigned integer with zero
"../parser.c", line 768: warning #188-D: pointless comparison of unsigned integer with zero
"../parser.c", line 802: warning #188-D: pointless comparison of unsigned integer with zero
"../parser.c", line 1221: warning #551-D: variable "buffer_size" is used before its value is set
"../parser.c", line 1440: warning #551-D: variable "buffer_size" is used before its value is set
"../parser.c", line 1426: warning #552-D: variable "isImmediateA" was set but never used
"../parser.c", line 1426: warning #552-D: variable "isImmediateB" was set but never used
"../parser.c", line 1558: warning #225-D: function "ClearAudioBuffers" declared implicitly
"../parser.c", line 1860: warning #161-D: declaration is incompatible with previous "ClearAudioBuffers" (declared at line 1558)
Finished building: "../parser.c"
 
Building target: "uartecho_MSP_EXP432E401Y_tirtos_ccs.out"
Invoking: Arm Linker
"C:/ti/ccs1271/ccs/tools/compiler/ti-cgt-arm_20.2.7.LTS/bin/armcl" -mv7M4 --code_state=16 --float_support=FPv4SPD16 -me --advice:power=none -g --diag_warning=225 --diag_warning=255 --diag_wrap=off --display_error_number --gen_func_subsections=on -z -m"uartecho_MSP_EXP432E401Y_tirtos_ccs.map" -i"C:/ti/simplelink_msp432e4_sdk_4_20_00_12/source" -i"C:/ti/simplelink_msp432e4_sdk_4_20_00_12/kernel/tirtos/packages" -i"C:/ti/ccs1271/ccs/tools/compiler/ti-cgt-arm_20.2.7.LTS/lib" --diag_wrap=off --display_error_number --warn_sections --xml_link_info="uartecho_MSP_EXP432E401Y_tirtos_ccs_linkInfo.xml" --rom_model -o "uartecho_MSP_EXP432E401Y_tirtos_ccs.out" "./Uart7.obj" "./audio.obj" "./commands.obj" "./conditionals.obj" "./discover.obj" "./main_tirtos.obj" "./parser.obj" "./registers.obj" "./scripts.obj" "./sin.obj" "./stream.obj" "./tasks.obj" "./tickers.obj" "./uartecho.obj" "./syscfg/ti_drivers_config.obj" "../MSP_EXP432E401Y_TIRTOS.cmd" -l"ti/display/lib/display.aem4f" -l"ti/grlib/lib/ccs/m4f/grlib.a" -l"third_party/spiffs/lib/ccs/m4f/spiffs.a" -l"ti/drivers/lib/drivers_msp432e4.aem4f" -l"third_party/fatfs/lib/ccs/m4f/fatfs.a" -l"ti/dpl/lib/dpl_msp432e4.aem4f" -l"C:/Users/OtherUser/Desktop/HW11/tirtos_builds_MSP_EXP432E401Y_release_ccs/Debug/configPkg/linker.cmd"  -l"ti/devices/msp432e4/driverlib/lib/ccs/m4f/msp432e4_driverlib.a" -llibc.a 
<Linking>
Finished building target: "uartecho_MSP_EXP432E401Y_tirtos_ccs.out"
 

**** Build Finished ****

**** Build of configuration Debug for project tirtos_builds_MSP_EXP432E401Y_release_ccs ****

"C:\\ti\\ccs1271\\ccs\\utils\\bin\\gmake" -k -j 20 all -O 
 
making ../src/sysbios/sysbios.aem4f ...
gmake[1]: Nothing to be done for 'all'.
gmake[1]: Nothing to be done for 'configPkg/linker.cmd'.
making ../src/sysbios/sysbios.aem4f ...
gmake[2]: Nothing to be done for 'all'.

**** Build Finished ****

**** Build of configuration Debug for project uartecho_MSP_EXP432E401Y_tirtos_ccs ****

"C:\\ti\\ccs1271\\ccs\\utils\\bin\\gmake" -k -j 20 all -O 
 
gmake[1]: 'uartecho_MSP_EXP432E401Y_tirtos_ccs.out' is up to date.

**** Build Finished ****
